0 info it worked if it ends with ok
1 verbose cli [ 'C:\\Program Files\\nodejs\\node.exe',
1 verbose cli   'C:\\Program Files\\nodejs\\node_modules\\npm\\bin\\npm-cli.js',
1 verbose cli   'run',
1 verbose cli   'serve' ]
2 info using npm@3.10.10
3 info using node@v6.11.4
4 verbose run-script [ 'preserve', 'serve', 'postserve' ]
5 info lifecycle premier-pas-webpack@1.0.0~preserve: premier-pas-webpack@1.0.0
6 silly lifecycle premier-pas-webpack@1.0.0~preserve: no script for preserve, continuing
7 info lifecycle premier-pas-webpack@1.0.0~serve: premier-pas-webpack@1.0.0
8 verbose lifecycle premier-pas-webpack@1.0.0~serve: unsafe-perm in lifecycle true
9 verbose lifecycle premier-pas-webpack@1.0.0~serve: PATH: C:\Program Files\nodejs\node_modules\npm\bin\node-gyp-bin;C:\Users\kevin\Documents\VSC\Formation_Js\03-webpack\premier-pas-webpack\node_modules\.bin;C:\ProgramData\Oracle\Java\javapath;C:\WINDOWS\system32;C:\WINDOWS;C:\WINDOWS\System32\Wbem;C:\WINDOWS\System32\WindowsPowerShell\v1.0\;C:\Program Files\Git\cmd;C:\Program Files (x86)\NVIDIA Corporation\PhysX\Common;C:\apache-maven-3.5.0\bin;C:\Program Files\nodejs\;C:\WINDOWS\system32;C:\WINDOWS;C:\WINDOWS\System32\Wbem;C:\WINDOWS\System32\WindowsPowerShell\v1.0\;C:\Users\kevin\Documents\Spring\exemple-spring-boot\spring-boot-cli-1.5.3.RELEASE-bin\spring-1.5.3.RELEASE\bin;C:\apache-maven-3.5.0\bin;C:\Program Files\Java\jdk1.8.0_144\bin;C:\Program Files\Microsoft VS Code\bin;C:\Users\kevin\AppData\Roaming\npm;C:\Users\kevin\AppData\Local\Microsoft\WindowsApps;C:\Users\kevin\Documents\Spring\exemple-spring-boot\spring-boot-cli-1.5.3.RELEASE-bin\spring-1.5.3.RELEASE\bin;
10 verbose lifecycle premier-pas-webpack@1.0.0~serve: CWD: C:\Users\kevin\Documents\VSC\Formation_Js\03-webpack\premier-pas-webpack
11 silly lifecycle premier-pas-webpack@1.0.0~serve: Args: [ '/d /s /c', 'webpack-dev-server' ]
12 verbose stack Error: kill ENOSYS
12 verbose stack     at Object.exports._errnoException (util.js:1020:11)
12 verbose stack     at process.kill (internal/process.js:191:18)
12 verbose stack     at process.listener (C:\Program Files\nodejs\node_modules\npm\node_modules\npmlog\node_modules\gauge\node_modules\signal-exit\index.js:86:15)
12 verbose stack     at emitNone (events.js:91:20)
12 verbose stack     at process.emit (events.js:185:7)
12 verbose stack     at processEmit (C:\Program Files\nodejs\node_modules\npm\node_modules\npmlog\node_modules\gauge\node_modules\signal-exit\index.js:146:32)
12 verbose stack     at processEmit (C:\Program Files\nodejs\node_modules\npm\node_modules\npm-registry-client\node_modules\npmlog\node_modules\gauge\node_modules\signal-exit\index.js:146:32)
12 verbose stack     at Signal.wrap.onsignal (internal/process.js:217:44)
13 verbose cwd C:\Users\kevin\Documents\VSC\Formation_Js\03-webpack\premier-pas-webpack
14 error Windows_NT 10.0.16299
15 error argv "C:\\Program Files\\nodejs\\node.exe" "C:\\Program Files\\nodejs\\node_modules\\npm\\bin\\npm-cli.js" "run" "serve"
16 error node v6.11.4
17 error npm  v3.10.10
18 error code ENOSYS
19 error errno ENOSYS
20 error syscall kill
21 error kill ENOSYS
22 error If you need help, you may report this error at:
22 error     <https://github.com/npm/npm/issues>
23 verbose exit [ 1, true ]
